Using pre-set license
Built from '2021.2/staging' branch; Version is '2021.2.7f1 (6bd9e232123f) revision 7068130'; Using compiler version '192829333'; Build Type 'Release'
OS: 'Windows 10  (10.0.19042) 64bit Core' Language: 'en' Physical Memory: 15298 MB
BatchMode: 1, IsHumanControllingUs: 0, StartBugReporterOnCrash: 0, Is64bit: 1, IsPro: 0

COMMAND LINE ARGUMENTS:
C:\Program Files\Unity\Hub\Editor\2021.2.7f1\Editor\Unity.exe
-adb2
-batchMode
-noUpm
-name
AssetImportWorker0
-projectPath
D:/Coding/Unity/jakePNGGame-main
-logFile
Logs/AssetImportWorker0.log
-srvPort
53457
Successfully changed project path to: D:/Coding/Unity/jakePNGGame-main
D:/Coding/Unity/jakePNGGame-main
[UnityMemory] Configuration Parameters - Can be set up in boot.config
    "memorysetup-bucket-allocator-granularity=16"
    "memorysetup-bucket-allocator-bucket-count=8"
    "memorysetup-bucket-allocator-block-size=33554432"
    "memorysetup-bucket-allocator-block-count=8"
    "memorysetup-main-allocator-block-size=16777216"
    "memorysetup-thread-allocator-block-size=16777216"
    "memorysetup-gfx-main-allocator-block-size=16777216"
    "memorysetup-gfx-thread-allocator-block-size=16777216"
    "memorysetup-cache-allocator-block-size=4194304"
    "memorysetup-typetree-allocator-block-size=2097152"
    "memorysetup-profiler-bucket-allocator-granularity=16"
    "memorysetup-profiler-bucket-allocator-bucket-count=8"
    "memorysetup-profiler-bucket-allocator-block-size=33554432"
    "memorysetup-profiler-bucket-allocator-block-count=8"
    "memorysetup-profiler-allocator-block-size=16777216"
    "memorysetup-profiler-editor-allocator-block-size=1048576"
    "memorysetup-temp-allocator-size-main=16777216"
    "memorysetup-job-temp-allocator-block-size=2097152"
    "memorysetup-job-temp-allocator-block-size-background=1048576"
    "memorysetup-job-temp-allocator-reduction-small-platforms=262144"
    "memorysetup-temp-allocator-size-background-worker=32768"
    "memorysetup-temp-allocator-size-job-worker=262144"
    "memorysetup-temp-allocator-size-preload-manager=33554432"
    "memorysetup-temp-allocator-size-nav-mesh-worker=65536"
    "memorysetup-temp-allocator-size-audio-worker=65536"
    "memorysetup-temp-allocator-size-cloud-worker=32768"
    "memorysetup-temp-allocator-size-gi-baking-worker=262144"
    "memorysetup-temp-allocator-size-gfx=262144"
Refreshing native plugins compatible for Editor in 64.40 ms, found 3 plugins.
Preloading 0 native plugins for Editor in 0.00 ms.
Initialize engine version: 2021.2.7f1 (6bd9e232123f)
[Subsystems] Discovering subsystems at path C:/Program Files/Unity/Hub/Editor/2021.2.7f1/Editor/Data/Resources/UnitySubsystems
[Subsystems] Discovering subsystems at path D:/Coding/Unity/jakePNGGame-main/Assets
GfxDevice: creating device client; threaded=0; jobified=0
Direct3D:
    Version:  Direct3D 11.0 [level 11.1]
    Renderer: NVIDIA GeForce RTX 3060 (ID=0x2503)
    Vendor:   NVIDIA
    VRAM:     12143 MB
    Driver:   27.21.14.6172
Initialize mono
Mono path[0] = 'C:/Program Files/Unity/Hub/Editor/2021.2.7f1/Editor/Data/Managed'
Mono path[1] = 'C:/Program Files/Unity/Hub/Editor/2021.2.7f1/Editor/Data/MonoBleedingEdge/lib/mono/unityjit-win32'
Mono config path = 'C:/Program Files/Unity/Hub/Editor/2021.2.7f1/Editor/Data/MonoBleedingEdge/etc'
Using monoOptions --debugger-agent=transport=dt_socket,embedding=1,server=y,suspend=n,address=127.0.0.1:56308
Begin MonoManager ReloadAssembly
Registering precompiled unity dll's ...
Register platform support module: C:/Program Files/Unity/Hub/Editor/2021.2.7f1/Editor/Data/PlaybackEngines/WindowsStandaloneSupport/UnityEditor.WindowsStandalone.Extensions.dll
Registered in 0.007173 seconds.
Native extension for WindowsStandalone target not found
Refreshing native plugins compatible for Editor in 60.76 ms, found 3 plugins.
Preloading 0 native plugins for Editor in 0.00 ms.
Mono: successfully reloaded assembly
- Completed reload, in  0.520 seconds
Domain Reload Profiling:
	ReloadAssembly (520ms)
		BeginReloadAssembly (69ms)
			ExecutionOrderSort (0ms)
			DisableScriptedObjects (0ms)
			BackupInstance (0ms)
			ReleaseScriptingObjects (0ms)
			CreateAndSetChildDomain (1ms)
		EndReloadAssembly (375ms)
			LoadAssemblies (67ms)
			RebuildTransferFunctionScriptingTraits (0ms)
			SetupTypeCache (93ms)
			ReleaseScriptCaches (0ms)
			RebuildScriptCaches (22ms)
			SetupLoadedEditorAssemblies (216ms)
				LogAssemblyErrors (0ms)
				InitializePlatformSupportModulesInManaged (14ms)
				SetLoadedEditorAssemblies (0ms)
				RefreshPlugins (61ms)
				BeforeProcessingInitializeOnLoad (1ms)
				ProcessInitializeOnLoadAttributes (103ms)
				ProcessInitializeOnLoadMethodAttributes (37ms)
				AfterProcessingInitializeOnLoad (0ms)
				EditorAssembliesLoaded (0ms)
			ExecutionOrderSort2 (0ms)
			AwakeInstancesAfterBackupRestoration (0ms)
Platform modules already initialized, skipping
Registering precompiled user dll's ...
Registered in 0.004426 seconds.
Begin MonoManager ReloadAssembly
Symbol file LoadedFromMemory doesn't match image D:\Coding\Unity\jakePNGGame-main\Library\PackageCache\com.unity.visualscripting@1.7.6\Editor\VisualScripting.Core\Dependencies\YamlDotNet\Unity.VisualScripting.YamlDotNet.dll
Symbol file LoadedFromMemory doesn't match image D:\Coding\Unity\jakePNGGame-main\Library\PackageCache\com.unity.visualscripting@1.7.6\Editor\VisualScripting.Core\Dependencies\DotNetZip\Unity.VisualScripting.IonicZip.dll
Native extension for WindowsStandalone target not found
Refreshing native plugins compatible for Editor in 0.57 ms, found 3 plugins.
Preloading 0 native plugins for Editor in 0.00 ms.
Mono: successfully reloaded assembly
- Completed reload, in  0.829 seconds
Domain Reload Profiling:
	ReloadAssembly (830ms)
		BeginReloadAssembly (99ms)
			ExecutionOrderSort (0ms)
			DisableScriptedObjects (5ms)
			BackupInstance (0ms)
			ReleaseScriptingObjects (0ms)
			CreateAndSetChildDomain (16ms)
		EndReloadAssembly (645ms)
			LoadAssemblies (70ms)
			RebuildTransferFunctionScriptingTraits (0ms)
			SetupTypeCache (218ms)
			ReleaseScriptCaches (1ms)
			RebuildScriptCaches (51ms)
			SetupLoadedEditorAssemblies (277ms)
				LogAssemblyErrors (0ms)
				InitializePlatformSupportModulesInManaged (10ms)
				SetLoadedEditorAssemblies (0ms)
				RefreshPlugins (1ms)
				BeforeProcessingInitializeOnLoad (60ms)
				ProcessInitializeOnLoadAttributes (178ms)
				ProcessInitializeOnLoadMethodAttributes (20ms)
				AfterProcessingInitializeOnLoad (8ms)
				EditorAssembliesLoaded (0ms)
			ExecutionOrderSort2 (0ms)
			AwakeInstancesAfterBackupRestoration (5ms)
Platform modules already initialized, skipping
========================================================================
Worker process is ready to serve import requests
Launched and connected shader compiler UnityShaderCompiler.exe after 0.05 seconds
Refreshing native plugins compatible for Editor in 0.50 ms, found 3 plugins.
Preloading 0 native plugins for Editor in 0.00 ms.
Unloading 3094 Unused Serialized files (Serialized files now loaded: 0)
Unloading 23 unused Assets / (56.1 KB). Loaded Objects now: 3553.
Memory consumption went from 107.5 MB to 107.5 MB.
Total: 2.857000 ms (FindLiveObjects: 0.351100 ms CreateObjectMapping: 0.155400 ms MarkObjects: 2.286400 ms  DeleteObjects: 0.063000 ms)

AssetImportParameters requested are different than current active one (requested -> active):
  custom:video-decoder-ogg-theora: a1e56fd34408186e4bbccfd4996cb3dc -> 
  custom:container-muxer-webm: aa71ff27fc2769a1b78a27578f13a17b -> 
  custom:container-demuxer-webm: 4f35f7cbe854078d1ac9338744f61a02 -> 
  custom:video-encoder-webm-vp8: eb34c28f22e8b96e1ab97ce403110664 -> 
  custom:audio-encoder-webm-vorbis: bf7c407c2cedff20999df2af8eb42d56 -> 
  custom:framework-win-MediaFoundation: 216162199b28c13a410421893ffa2e32 -> 
  custom:container-demuxer-ogg: 62fdf1f143b41e24485cea50d1cbac27 -> 
  custom:video-decoder-webm-vp8: 9c59270c3fd7afecdb556c50c9e8de78 -> 
  custom:audio-decoder-ogg-vorbis: bf7c407c2cedff20999df2af8eb42d56 -> 
========================================================================
Received Import Request.
  Time since last request: 11746.150442 seconds.
  path: Assets/Textures
  artifactKey: Guid(cd756c8162f883e498a9844d5ee3191a) Importer(815301076,1909f56bfc062723c751e8b465ee728b)
Start importing Assets/Textures using Guid(cd756c8162f883e498a9844d5ee3191a) Importer(815301076,1909f56bfc062723c751e8b465ee728b)  -> (artifact id: 'fc7703c7d8c2fe6287bfc3725b9eb23f') in 0.010422 seconds 
========================================================================
Received Import Request.
  Time since last request: 0.000019 seconds.
  path: Assets/Textures/crate_generator_by_dactilardesign_d5np5b6.jpg
  artifactKey: Guid(d0997c2c479483643ac2aee89803d053) Importer(815301076,1909f56bfc062723c751e8b465ee728b)
Start importing Assets/Textures/crate_generator_by_dactilardesign_d5np5b6.jpg using Guid(d0997c2c479483643ac2aee89803d053) Importer(815301076,1909f56bfc062723c751e8b465ee728b)  -> (artifact id: '2a795f29acd9298e14fc336d17edeb60') in 0.085537 seconds 
========================================================================
Received Import Request.
  Time since last request: 21.575073 seconds.
  path: Assets/Textures/Stone 02_4K
  artifactKey: Guid(b14761c61b5b43243bf846396469fba1) Importer(815301076,1909f56bfc062723c751e8b465ee728b)
Start importing Assets/Textures/Stone 02_4K using Guid(b14761c61b5b43243bf846396469fba1) Importer(815301076,1909f56bfc062723c751e8b465ee728b)  -> (artifact id: '67e7bdf99107993acb465832913256fc') in 0.006862 seconds 
========================================================================
Received Import Request.
  Time since last request: 0.025702 seconds.
  path: Assets/Textures/Stone 02_4K/Stone 02_4K_Ambient Occlusion.png
  artifactKey: Guid(286aaf5d7b438f2449a0a817c106539f) Importer(815301076,1909f56bfc062723c751e8b465ee728b)
Start importing Assets/Textures/Stone 02_4K/Stone 02_4K_Ambient Occlusion.png using Guid(286aaf5d7b438f2449a0a817c106539f) Importer(815301076,1909f56bfc062723c751e8b465ee728b)  -> (artifact id: 'c8929373b9b6a42d4be2b073b474c439') in 0.039668 seconds 
========================================================================
Received Import Request.
  Time since last request: 0.000024 seconds.
  path: Assets/Textures/Stone 02_4K/Stone 02_4K_Glossiness.png
  artifactKey: Guid(c09ee6a4a20bddd43be8422a52bcea94) Importer(815301076,1909f56bfc062723c751e8b465ee728b)
Start importing Assets/Textures/Stone 02_4K/Stone 02_4K_Glossiness.png using Guid(c09ee6a4a20bddd43be8422a52bcea94) Importer(815301076,1909f56bfc062723c751e8b465ee728b)  -> (artifact id: '67f90fc38b13971624044c6685ec04d9') in 0.012756 seconds 
========================================================================
Received Import Request.
  Time since last request: 0.000029 seconds.
  path: Assets/Textures/Stone 02_4K/Stone 02_4K_Height.png
  artifactKey: Guid(26f7bddd1a2b2e74d9a1d93daa2cf35d) Importer(815301076,1909f56bfc062723c751e8b465ee728b)
Start importing Assets/Textures/Stone 02_4K/Stone 02_4K_Height.png using Guid(26f7bddd1a2b2e74d9a1d93daa2cf35d) Importer(815301076,1909f56bfc062723c751e8b465ee728b)  -> (artifact id: '369cf9349e7309422e4170f029e277b1') in 0.013697 seconds 
========================================================================
Received Import Request.
  Time since last request: 0.000018 seconds.
  path: Assets/Textures/Stone 02_4K/Stone 02_4K_Roughness.png
  artifactKey: Guid(bea41a6bcf283034293b6ceab934c424) Importer(815301076,1909f56bfc062723c751e8b465ee728b)
Start importing Assets/Textures/Stone 02_4K/Stone 02_4K_Roughness.png using Guid(bea41a6bcf283034293b6ceab934c424) Importer(815301076,1909f56bfc062723c751e8b465ee728b)  -> (artifact id: 'bf5a7133819c1e56d66d3336f88ecb43') in 0.025556 seconds 
========================================================================
Received Import Request.
  Time since last request: 0.000019 seconds.
  path: Assets/Textures/Stone 02_4K/Stone 02_4K_Metallic.png
  artifactKey: Guid(2ad10eade85829644a2c7401e37aa494) Importer(815301076,1909f56bfc062723c751e8b465ee728b)
Start importing Assets/Textures/Stone 02_4K/Stone 02_4K_Metallic.png using Guid(2ad10eade85829644a2c7401e37aa494) Importer(815301076,1909f56bfc062723c751e8b465ee728b)  -> (artifact id: '65cf81b12a5dc98bb43ad20ee386ce8d') in 0.013829 seconds 
========================================================================
Received Import Request.
  Time since last request: 0.000022 seconds.
  path: Assets/Textures/Stone 02_4K/Stone 02_4K_Specular.png
  artifactKey: Guid(a825e4342f0d68f4a90ae2bd0c0579b6) Importer(815301076,1909f56bfc062723c751e8b465ee728b)
Start importing Assets/Textures/Stone 02_4K/Stone 02_4K_Specular.png using Guid(a825e4342f0d68f4a90ae2bd0c0579b6) Importer(815301076,1909f56bfc062723c751e8b465ee728b)  -> (artifact id: '80cee185d12f329c97f36f015c3d174c') in 0.021329 seconds 
Editor requested this worker to shutdown with reason: Scaling down because of idle timeout
AssetImportWorker is now disconnected from the server
Process exiting
Exiting without the bug reporter. Application will terminate with return code 0