Using pre-set license
Built from '2021.2/staging' branch; Version is '2021.2.7f1 (6bd9e232123f) revision 7068130'; Using compiler version '192829333'; Build Type 'Release'
OS: 'Windows 10  (10.0.19042) 64bit Core' Language: 'en' Physical Memory: 15298 MB
BatchMode: 1, IsHumanControllingUs: 0, StartBugReporterOnCrash: 0, Is64bit: 1, IsPro: 0

COMMAND LINE ARGUMENTS:
C:\Program Files\Unity\Hub\Editor\2021.2.7f1\Editor\Unity.exe
-adb2
-batchMode
-noUpm
-name
AssetImportWorker2
-projectPath
D:/Coding/Unity/jakePNGGame-main
-logFile
Logs/AssetImportWorker2.log
-srvPort
53457
Successfully changed project path to: D:/Coding/Unity/jakePNGGame-main
D:/Coding/Unity/jakePNGGame-main
[UnityMemory] Configuration Parameters - Can be set up in boot.config
    "memorysetup-bucket-allocator-granularity=16"
    "memorysetup-bucket-allocator-bucket-count=8"
    "memorysetup-bucket-allocator-block-size=33554432"
    "memorysetup-bucket-allocator-block-count=8"
    "memorysetup-main-allocator-block-size=16777216"
    "memorysetup-thread-allocator-block-size=16777216"
    "memorysetup-gfx-main-allocator-block-size=16777216"
    "memorysetup-gfx-thread-allocator-block-size=16777216"
    "memorysetup-cache-allocator-block-size=4194304"
    "memorysetup-typetree-allocator-block-size=2097152"
    "memorysetup-profiler-bucket-allocator-granularity=16"
    "memorysetup-profiler-bucket-allocator-bucket-count=8"
    "memorysetup-profiler-bucket-allocator-block-size=33554432"
    "memorysetup-profiler-bucket-allocator-block-count=8"
    "memorysetup-profiler-allocator-block-size=16777216"
    "memorysetup-profiler-editor-allocator-block-size=1048576"
    "memorysetup-temp-allocator-size-main=16777216"
    "memorysetup-job-temp-allocator-block-size=2097152"
    "memorysetup-job-temp-allocator-block-size-background=1048576"
    "memorysetup-job-temp-allocator-reduction-small-platforms=262144"
    "memorysetup-temp-allocator-size-background-worker=32768"
    "memorysetup-temp-allocator-size-job-worker=262144"
    "memorysetup-temp-allocator-size-preload-manager=33554432"
    "memorysetup-temp-allocator-size-nav-mesh-worker=65536"
    "memorysetup-temp-allocator-size-audio-worker=65536"
    "memorysetup-temp-allocator-size-cloud-worker=32768"
    "memorysetup-temp-allocator-size-gi-baking-worker=262144"
    "memorysetup-temp-allocator-size-gfx=262144"
Refreshing native plugins compatible for Editor in 61.09 ms, found 3 plugins.
Preloading 0 native plugins for Editor in 0.00 ms.
Initialize engine version: 2021.2.7f1 (6bd9e232123f)
[Subsystems] Discovering subsystems at path C:/Program Files/Unity/Hub/Editor/2021.2.7f1/Editor/Data/Resources/UnitySubsystems
[Subsystems] Discovering subsystems at path D:/Coding/Unity/jakePNGGame-main/Assets
GfxDevice: creating device client; threaded=0; jobified=0
Direct3D:
    Version:  Direct3D 11.0 [level 11.1]
    Renderer: NVIDIA GeForce RTX 3060 (ID=0x2503)
    Vendor:   NVIDIA
    VRAM:     12143 MB
    Driver:   27.21.14.6172
Initialize mono
Mono path[0] = 'C:/Program Files/Unity/Hub/Editor/2021.2.7f1/Editor/Data/Managed'
Mono path[1] = 'C:/Program Files/Unity/Hub/Editor/2021.2.7f1/Editor/Data/MonoBleedingEdge/lib/mono/unityjit-win32'
Mono config path = 'C:/Program Files/Unity/Hub/Editor/2021.2.7f1/Editor/Data/MonoBleedingEdge/etc'
Using monoOptions --debugger-agent=transport=dt_socket,embedding=1,server=y,suspend=n,address=127.0.0.1:56508
Begin MonoManager ReloadAssembly
Registering precompiled unity dll's ...
Register platform support module: C:/Program Files/Unity/Hub/Editor/2021.2.7f1/Editor/Data/PlaybackEngines/WindowsStandaloneSupport/UnityEditor.WindowsStandalone.Extensions.dll
Registered in 0.006550 seconds.
Native extension for WindowsStandalone target not found
Refreshing native plugins compatible for Editor in 61.93 ms, found 3 plugins.
Preloading 0 native plugins for Editor in 0.00 ms.
Mono: successfully reloaded assembly
- Completed reload, in  0.510 seconds
Domain Reload Profiling:
	ReloadAssembly (510ms)
		BeginReloadAssembly (63ms)
			ExecutionOrderSort (0ms)
			DisableScriptedObjects (0ms)
			BackupInstance (0ms)
			ReleaseScriptingObjects (0ms)
			CreateAndSetChildDomain (1ms)
		EndReloadAssembly (368ms)
			LoadAssemblies (61ms)
			RebuildTransferFunctionScriptingTraits (0ms)
			SetupTypeCache (87ms)
			ReleaseScriptCaches (0ms)
			RebuildScriptCaches (23ms)
			SetupLoadedEditorAssemblies (215ms)
				LogAssemblyErrors (0ms)
				InitializePlatformSupportModulesInManaged (13ms)
				SetLoadedEditorAssemblies (0ms)
				RefreshPlugins (62ms)
				BeforeProcessingInitializeOnLoad (1ms)
				ProcessInitializeOnLoadAttributes (102ms)
				ProcessInitializeOnLoadMethodAttributes (36ms)
				AfterProcessingInitializeOnLoad (0ms)
				EditorAssembliesLoaded (0ms)
			ExecutionOrderSort2 (0ms)
			AwakeInstancesAfterBackupRestoration (0ms)
Platform modules already initialized, skipping
Registering precompiled user dll's ...
Registered in 0.004454 seconds.
Begin MonoManager ReloadAssembly
Symbol file LoadedFromMemory doesn't match image D:\Coding\Unity\jakePNGGame-main\Library\PackageCache\com.unity.visualscripting@1.7.6\Editor\VisualScripting.Core\Dependencies\YamlDotNet\Unity.VisualScripting.YamlDotNet.dll
Symbol file LoadedFromMemory doesn't match image D:\Coding\Unity\jakePNGGame-main\Library\PackageCache\com.unity.visualscripting@1.7.6\Editor\VisualScripting.Core\Dependencies\DotNetZip\Unity.VisualScripting.IonicZip.dll
Native extension for WindowsStandalone target not found
Refreshing native plugins compatible for Editor in 0.50 ms, found 3 plugins.
Preloading 0 native plugins for Editor in 0.00 ms.
Mono: successfully reloaded assembly
- Completed reload, in  0.776 seconds
Domain Reload Profiling:
	ReloadAssembly (776ms)
		BeginReloadAssembly (93ms)
			ExecutionOrderSort (0ms)
			DisableScriptedObjects (4ms)
			BackupInstance (0ms)
			ReleaseScriptingObjects (0ms)
			CreateAndSetChildDomain (16ms)
		EndReloadAssembly (595ms)
			LoadAssemblies (66ms)
			RebuildTransferFunctionScriptingTraits (0ms)
			SetupTypeCache (183ms)
			ReleaseScriptCaches (1ms)
			RebuildScriptCaches (39ms)
			SetupLoadedEditorAssemblies (278ms)
				LogAssemblyErrors (0ms)
				InitializePlatformSupportModulesInManaged (10ms)
				SetLoadedEditorAssemblies (0ms)
				RefreshPlugins (1ms)
				BeforeProcessingInitializeOnLoad (62ms)
				ProcessInitializeOnLoadAttributes (177ms)
				ProcessInitializeOnLoadMethodAttributes (19ms)
				AfterProcessingInitializeOnLoad (8ms)
				EditorAssembliesLoaded (0ms)
			ExecutionOrderSort2 (0ms)
			AwakeInstancesAfterBackupRestoration (5ms)
Platform modules already initialized, skipping
========================================================================
Worker process is ready to serve import requests
Launched and connected shader compiler UnityShaderCompiler.exe after 0.06 seconds
Refreshing native plugins compatible for Editor in 0.51 ms, found 3 plugins.
Preloading 0 native plugins for Editor in 0.00 ms.
Unloading 3094 Unused Serialized files (Serialized files now loaded: 0)
Unloading 23 unused Assets / (56.1 KB). Loaded Objects now: 3553.
Memory consumption went from 107.5 MB to 107.5 MB.
Total: 2.643600 ms (FindLiveObjects: 0.263000 ms CreateObjectMapping: 0.072400 ms MarkObjects: 2.236800 ms  DeleteObjects: 0.070200 ms)

AssetImportParameters requested are different than current active one (requested -> active):
  custom:video-decoder-ogg-theora: a1e56fd34408186e4bbccfd4996cb3dc -> 
  custom:container-muxer-webm: aa71ff27fc2769a1b78a27578f13a17b -> 
  custom:container-demuxer-webm: 4f35f7cbe854078d1ac9338744f61a02 -> 
  custom:video-encoder-webm-vp8: eb34c28f22e8b96e1ab97ce403110664 -> 
  custom:audio-encoder-webm-vorbis: bf7c407c2cedff20999df2af8eb42d56 -> 
  custom:framework-win-MediaFoundation: 216162199b28c13a410421893ffa2e32 -> 
  custom:container-demuxer-ogg: 62fdf1f143b41e24485cea50d1cbac27 -> 
  custom:video-decoder-webm-vp8: 9c59270c3fd7afecdb556c50c9e8de78 -> 
  custom:audio-decoder-ogg-vorbis: bf7c407c2cedff20999df2af8eb42d56 -> 
========================================================================
Received Import Request.
  Time since last request: 11792.739843 seconds.
  path: Assets/Textures/Stone 02_4K/Stone 02_4K_Normal.png
  artifactKey: Guid(a39bb1f6b7548e845a271e8a68dbc37a) Importer(815301076,1909f56bfc062723c751e8b465ee728b)
Start importing Assets/Textures/Stone 02_4K/Stone 02_4K_Normal.png using Guid(a39bb1f6b7548e845a271e8a68dbc37a) Importer(815301076,1909f56bfc062723c751e8b465ee728b)  -> (artifact id: 'bae890dcdf648a64fcefb22366e711ec') in 0.259622 seconds 
========================================================================
Received Import Request.
  Time since last request: 89.370228 seconds.
  path: Assets/Textures/Stone 02_4K/Stone 02_4K_Normal.png
  artifactKey: Guid(a39bb1f6b7548e845a271e8a68dbc37a) Importer(815301076,1909f56bfc062723c751e8b465ee728b)
Start importing Assets/Textures/Stone 02_4K/Stone 02_4K_Normal.png using Guid(a39bb1f6b7548e845a271e8a68dbc37a) Importer(815301076,1909f56bfc062723c751e8b465ee728b)  -> (artifact id: '52eeb7e411c3621e619194dfcc9c08c1') in 0.041562 seconds 
========================================================================
Received Import Request.
  Time since last request: 7.074321 seconds.
  path: Assets
  artifactKey: Guid(00000000000000001000000000000000) Importer(815301076,1909f56bfc062723c751e8b465ee728b)
Start importing Assets using Guid(00000000000000001000000000000000) Importer(815301076,1909f56bfc062723c751e8b465ee728b)  -> (artifact id: '79842766b460edbeab6a34051e857a80') in 0.005938 seconds 
========================================================================
Received Import Request.
  Time since last request: 6.476614 seconds.
  path: Assets/Materials 1
  artifactKey: Guid(55f35ab09017e6b40b0610cd29c79ee9) Importer(815301076,1909f56bfc062723c751e8b465ee728b)
Start importing Assets/Materials 1 using Guid(55f35ab09017e6b40b0610cd29c79ee9) Importer(815301076,1909f56bfc062723c751e8b465ee728b)  -> (artifact id: 'e96ff0bb547d54b5e4ed70aaf59130fc') in 0.006259 seconds 
========================================================================
Received Import Request.
  Time since last request: 6.094362 seconds.
  path: Assets/Materials
  artifactKey: Guid(80294749e81b7a84ca17caa04d20d93f) Importer(815301076,1909f56bfc062723c751e8b465ee728b)
Start importing Assets/Materials using Guid(80294749e81b7a84ca17caa04d20d93f) Importer(815301076,1909f56bfc062723c751e8b465ee728b)  -> (artifact id: '37a52b803aea700fd9262f8e5a037a70') in 0.461200 seconds 
========================================================================
Received Import Request.
  Time since last request: 13.584293 seconds.
  path: Assets/Textures/crate_generator_by_dactilardesign_d5np5b6 1.jpg
  artifactKey: Guid(1b3dae889318c484bab8fb110a15c9e7) Importer(815301076,1909f56bfc062723c751e8b465ee728b)
Start importing Assets/Textures/crate_generator_by_dactilardesign_d5np5b6 1.jpg using Guid(1b3dae889318c484bab8fb110a15c9e7) Importer(815301076,1909f56bfc062723c751e8b465ee728b)  -> (artifact id: '2342a135c9f91ca64c7dc0ee5cb37071') in 0.216394 seconds 
========================================================================
Received Import Request.
  Time since last request: 13.453988 seconds.
  path: Assets/Textures/crate_generator_by_dactilardesign_d5np5b6 1.jpg
  artifactKey: Guid(1b3dae889318c484bab8fb110a15c9e7) Importer(815301076,1909f56bfc062723c751e8b465ee728b)
Start importing Assets/Textures/crate_generator_by_dactilardesign_d5np5b6 1.jpg using Guid(1b3dae889318c484bab8fb110a15c9e7) Importer(815301076,1909f56bfc062723c751e8b465ee728b)  -> (artifact id: '0262480e0995e233fd3b0e309be2adf7') in 0.014494 seconds 
========================================================================
Received Import Request.
  Time since last request: 72.109972 seconds.
  path: Assets/Materials/Ground.mat
  artifactKey: Guid(e98161e1acab39445b156d58aca6fd45) Importer(815301076,1909f56bfc062723c751e8b465ee728b)
Start importing Assets/Materials/Ground.mat using Guid(e98161e1acab39445b156d58aca6fd45) Importer(815301076,1909f56bfc062723c751e8b465ee728b)  -> (artifact id: 'ea2bb75afef57e3017183b303520d2c0') in 0.046864 seconds 
========================================================================
Received Import Request.
  Time since last request: 25.562569 seconds.
  path: Assets/Textures/Stone 02_4K/Materials
  artifactKey: Guid(069b4f52753193041b2f1ded7c78bbf9) Importer(815301076,1909f56bfc062723c751e8b465ee728b)
Start importing Assets/Textures/Stone 02_4K/Materials using Guid(069b4f52753193041b2f1ded7c78bbf9) Importer(815301076,1909f56bfc062723c751e8b465ee728b)  -> (artifact id: '10100e6b40d1085e987a31f942076598') in 0.001635 seconds 
========================================================================
Received Import Request.
  Time since last request: 0.050440 seconds.
  path: Assets/Textures/Stone 02_4K/Materials/Stone 02_4K_Ambient Occlusion.mat
  artifactKey: Guid(481dd3d33ff00bf49afb6779fd570f18) Importer(815301076,1909f56bfc062723c751e8b465ee728b)
Start importing Assets/Textures/Stone 02_4K/Materials/Stone 02_4K_Ambient Occlusion.mat using Guid(481dd3d33ff00bf49afb6779fd570f18) Importer(815301076,1909f56bfc062723c751e8b465ee728b)  -> (artifact id: 'e7a5cd0eef394ec3fad66d38470182b6') in 0.012923 seconds 
========================================================================
Received Import Request.
  Time since last request: 0.000018 seconds.
  path: Assets/Textures/Stone 02_4K/Materials/Stone 02_4K_Roughness.mat
  artifactKey: Guid(348b4a2423955bf4ea9a62fcb83df876) Importer(815301076,1909f56bfc062723c751e8b465ee728b)
Start importing Assets/Textures/Stone 02_4K/Materials/Stone 02_4K_Roughness.mat using Guid(348b4a2423955bf4ea9a62fcb83df876) Importer(815301076,1909f56bfc062723c751e8b465ee728b)  -> (artifact id: '945dceb557ad0fc4a9ce60d8e7fcf96d') in 0.015324 seconds 
========================================================================
Received Import Request.
  Time since last request: 0.000015 seconds.
  path: Assets/Textures/Stone 02_4K/Materials/Stone 02_4K_Metallic.mat
  artifactKey: Guid(183b78edeb3f7d04d8612c6efb9ff710) Importer(815301076,1909f56bfc062723c751e8b465ee728b)
Start importing Assets/Textures/Stone 02_4K/Materials/Stone 02_4K_Metallic.mat using Guid(183b78edeb3f7d04d8612c6efb9ff710) Importer(815301076,1909f56bfc062723c751e8b465ee728b)  -> (artifact id: 'c38ec36412edbb62633a488d0edfd6dd') in 0.011576 seconds 
========================================================================
Received Import Request.
  Time since last request: 0.000013 seconds.
  path: Assets/Textures/Stone 02_4K/Materials/Stone 02_4K_Normal.mat
  artifactKey: Guid(2a02c31a501c33a4291b688fcf4dc71d) Importer(815301076,1909f56bfc062723c751e8b465ee728b)
Start importing Assets/Textures/Stone 02_4K/Materials/Stone 02_4K_Normal.mat using Guid(2a02c31a501c33a4291b688fcf4dc71d) Importer(815301076,1909f56bfc062723c751e8b465ee728b)  -> (artifact id: 'b2d64a1a5f6d2d4ce2a3dfc549a03fde') in 0.012910 seconds 
Editor requested this worker to shutdown with reason: Scaling down because of idle timeout
AssetImportWorker is now disconnected from the server
Process exiting
Exiting without the bug reporter. Application will terminate with return code 0